[2025-09-13 01:19:22] [SUCCESS] Windows cleanup completed successfully
[2025-09-13 01:19:41] [INFO] Opening keyboard settings...
[2025-09-13 01:19:41] [INFO] Opening keyboard settings...
[2025-09-13 01:19:42] [SUCCESS] Keyboard settings opened successfully
[2025-09-13 01:19:46] [INFO] Opening mouse settings...
[2025-09-13 01:19:46] [INFO] Opening mouse settings...
[2025-09-13 01:19:47] [SUCCESS] Mouse settings opened successfully
[2025-09-13 01:27:54] [SUCCESS] Exiting Go-Tweak
[2025-09-13 01:29:32] [ERROR] This script must be run as administrator
[2025-09-13 01:30:52] [SUCCESS] Starting Go-Tweak - Windows Optimizer
[2025-09-13 01:30:58] [INFO] Opening mouse properties...
[2025-09-13 01:30:58] [INFO] Opening mouse properties...
[2025-09-13 01:30:58] [SUCCESS] Mouse properties opened successfully
[2025-09-13 01:31:09] [INFO] Opening keyboard properties...
[2025-09-13 01:31:09] [INFO] Opening keyboard properties...
[2025-09-13 01:31:09] [SUCCESS] Keyboard properties opened successfully
[2025-09-13 02:03:32] [SUCCESS] Exiting Go-Tweak
[2025-09-13 02:03:34] [SUCCESS] Starting Go-Tweak - Windows Optimizer
[2025-09-13 02:03:51] [INFO] Applying 32GB RAM optimization...
[2025-09-13 02:03:51] [INFO] Optimizing RAM for 32GB RAM...
[2025-09-13 02:03:51] [SUCCESS] RAM optimized for 32GB RAM successfully
[2025-09-13 02:04:07] [SUCCESS] Exiting Go-Tweak
[2025-09-13 03:21:51] [SUCCESS] Starting Go-Tweak - Windows Optimizer
[2025-09-13 03:22:02] [INFO] Applying FPS optimization...
[2025-09-13 03:22:02] [INFO] Executing script: active-globaloptimization.reg for FPS Optimization
[2025-09-13 03:22:02] [SUCCESS] FPS Optimization enabled successfully
[2025-09-13 03:22:05] [INFO] Applying internet optimization...
[2025-09-13 03:22:05] [INFO] Executing script: active-internetscript.bat for Internet Optimization
[2025-09-13 03:22:09] [SUCCESS] Internet Optimization enabled successfully
[2025-09-13 03:22:52] [SUCCESS] Exiting Go-Tweak
